Arguments: 
  C:\Program Files\nodejs\node.exe C:\Program Files (x86)\Yarn\bin\yarn.js add @babel/cli @babel/core @babel/prenset-env babel-loader css-loader style-loader webpack webpack-cli

PATH: 
  C:\Users\gabriel.lima\Downloads\cmder\vendor\bin;C:\Users\gabriel.lima\Downloads\cmder\vendor\conemu-maximus5\ConEmu\Scripts;C:\Users\gabriel.lima\Downloads\cmder\vendor\conemu-maximus5;C:\Users\gabriel.lima\Downloads\cmder\vendor\conemu-maximus5\ConEmu;C:\Python27\;C:\Python27\Scripts;C:\Windows\system32;C:\Windows;C:\Windows\System32\Wbem;C:\Windows\System32\WindowsPowerShell\v1.0\;C:\Windows\System32\OpenSSH\;C:\Program Files (x86)\Intel\Intel(R) Management Engine Components\DAL;C:\Program Files\Intel\Intel(R) Management Engine Components\DAL;C:\ProgramData\chocolatey\bin;C:\Program Files\Microsoft SQL Server\Client SDK\ODBC\170\Tools\Binn\;C:\Program Files (x86)\Microsoft SQL Server\150\Tools\Binn\;C:\Program Files\Microsoft SQL Server\150\Tools\Binn\;C:\Program Files\Microsoft SQL Server\150\DTS\Binn\;C:\Program Files (x86)\Yarn\bin\;C:\Program Files (x86)\Microsoft SQL Server\150\DTS\Binn\;C:\Users\gabriel.lima\AppData\Roaming\nvm;C:\Program Files\nodejs;C:\Program Files\Java\jdk1.8.0_211;C:\Program Files\MySQL\MySQL Shell 8.0\bin\;C:\Users\gabriel.lima\AppData\Local\Microsoft\WindowsApps;C:\Users\gabriel.lima\AppData\Local\Programs\Microsoft VS Code\bin;C:\Users\gabriel.lima\AppData\Roaming\npm;C:\Users\gabriel.lima\AppData\Local\Yarn\bin;C:\Users\gabriel.lima\AppData\Roaming\nvm;C:\Program Files\nodejs;C:\Users\gabriel.lima\Downloads\cmder\vendor\git-for-windows\cmd;C:\Users\gabriel.lima\Downloads\cmder\vendor\git-for-windows\mingw64\bin;C:\Users\gabriel.lima\Downloads\cmder\vendor\git-for-windows\usr\bin;C:\Users\gabriel.lima\Downloads\cmder

Yarn version: 
  1.22.4

Node version: 
  12.18.2

Platform: 
  win32 x64

Trace: 
  Error: https://registry.yarnpkg.com/@babel%2fprenset-env: Not found
      at Request.params.callback [as _callback] (C:\Program Files (x86)\Yarn\lib\cli.js:66096:18)
      at Request.self.callback (C:\Program Files (x86)\Yarn\lib\cli.js:140748:22)
      at Request.emit (events.js:315:20)
      at Request.<anonymous> (C:\Program Files (x86)\Yarn\lib\cli.js:141720:10)
      at Request.emit (events.js:315:20)
      at IncomingMessage.<anonymous> (C:\Program Files (x86)\Yarn\lib\cli.js:141642:12)
      at Object.onceWrapper (events.js:421:28)
      at IncomingMessage.emit (events.js:327:22)
      at endReadableNT (_stream_readable.js:1221:12)
      at processTicksAndRejections (internal/process/task_queues.js:84:21)

npm manifest: 
  {
    "name": "50bb202deb977ec51a89efb00a9774f5",
    "version": "1.0.0",
    "main": "index.js",
    "repository": "https://gist.github.com/50bb202deb977ec51a89efb00a9774f5.git",
    "license": "MIT"
  }

yarn manifest: 
  No manifest

Lockfile: 
  No lockfile
